================================
data: V1 (extra dim = 0)
condition
{'npolys': [0, 0, 0, 0, 0, 0, 1], 'cmp': ['==', '==', '==', '==', '==', '==', '==']}
================================
data: V3 (extra dim = 0)
condition
{'npolys': [0, 0, 0, 0, 1], 'cmp': ['==', '==', '==', '==', '==']}
================================
================================
data: V1 (extra dim = 0)
condition
{'npolys': [0, 0, 0, 0, 0, 0, 1], 'cmp': ['==', '==', '==', '==', '==', '==', '==']}
================================
================================
data: V3 (extra dim = 0)
condition
{'npolys': [0, 0, 0, 0, 1], 'cmp': ['==', '==', '==', '==', '==']}
================================
================================
data: V1 (extra dim = 0)
condition
{'npolys': [0, 0, 0, 0, 0, 0, 1], 'cmp': ['==', '==', '==', '==', '==', '==', '==']}
================================
================================
data: V3 (extra dim = 0)
condition
{'npolys': [0, 0, 0, 0, 1], 'cmp': ['==', '==', '==', '==', '==']}
================================
Traceback (most recent call last):
  File "/Users/kera/Dropbox/RESEARCH/Experiments/javi/mavi/experiment/gwn_stability/src/experiment3.py", line 196, in <module>
    exp3.run(args.data_name, 
  File "/Users/kera/Dropbox/RESEARCH/Experiments/javi/mavi/experiment/gwn_stability/src/experiment3.py", line 97, in run
    lb, ub = find_eps_range(Z, method, V.conds, lb=lb0*s, ub=ub0*s, step=step0*s, term_order='grevlex', centered_data=False)
  File "/Users/kera/Dropbox/RESEARCH/Experiments/javi/mavi/./mavi/numpy/util/analysis.py", line 23, in find_eps_range
    return _find_eps_range(X, method, conds, lb, ub, step, **kwargs)
  File "/Users/kera/Dropbox/RESEARCH/Experiments/javi/mavi/./mavi/numpy/util/analysis.py", line 36, in _find_eps_range
    vi.fit(X, eps, method=method, max_degree=len(npolys)-1, **kwargs)
  File "/Users/kera/Dropbox/RESEARCH/Experiments/javi/mavi/./mavi/vanishing_ideal.py", line 32, in fit
    basis, intermidiate = self.initialize(X, **self.kwargs)
TypeError: initialize() got an unexpected keyword argument 'centered_data'
================================
Traceback (most recent call last):
  File "/Users/kera/Dropbox/RESEARCH/Experiments/javi/mavi/experiment/gwn_stability/src/experiment3.py", line 196, in <module>
    exp3.run(args.data_name, 
  File "/Users/kera/Dropbox/RESEARCH/Experiments/javi/mavi/experiment/gwn_stability/src/experiment3.py", line 97, in run
    lb, ub = find_eps_range(Z, method, V.conds, lb=lb0*s, ub=ub0*s, step=step0*s, term_order='grevlex', centered_data=False)
  File "/Users/kera/Dropbox/RESEARCH/Experiments/javi/mavi/./mavi/numpy/util/analysis.py", line 23, in find_eps_range
    return _find_eps_range(X, method, conds, lb, ub, step, **kwargs)
  File "/Users/kera/Dropbox/RESEARCH/Experiments/javi/mavi/./mavi/numpy/util/analysis.py", line 36, in _find_eps_range
    vi.fit(X, eps, method=method, max_degree=len(npolys)-1, **kwargs)
  File "/Users/kera/Dropbox/RESEARCH/Experiments/javi/mavi/./mavi/vanishing_ideal.py", line 32, in fit
    basis, intermidiate = self.initialize(X, **self.kwargs)
TypeError: initialize() got an unexpected keyword argument 'centered_data'
================================
data: V1 (extra dim = 0)
condition
{'npolys': [0, 0, 0, 0, 0, 0, 1], 'cmp': ['==', '==', '==', '==', '==', '==', '==']}
================================
data: V3 (extra dim = 0)
condition
{'npolys': [0, 0, 0, 0, 1], 'cmp': ['==', '==', '==', '==', '==']}
================================
================================
data: V1 (extra dim = 0)
condition
{'npolys': [0, 0, 0, 0, 0, 0, 1], 'cmp': ['==', '==', '==', '==', '==', '==', '==']}
================================
================================
data: V3 (extra dim = 0)
condition
{'npolys': [0, 0, 0, 0, 1], 'cmp': ['==', '==', '==', '==', '==']}
================================
================================
data: V1 (extra dim = 0)
condition
{'npolys': [0, 0, 0, 0, 0, 0, 1], 'cmp': ['==', '==', '==', '==', '==', '==', '==']}
================================
================================
data: V3 (extra dim = 0)
condition
{'npolys': [0, 0, 0, 0, 1], 'cmp': ['==', '==', '==', '==', '==']}
[V1, scale=0.01, run #0] abm: nan,nan
[V1, scale=0.01, run #1] abm: nan,nan
[V3, scale=0.01, run #0] abm: nan,nan
[V1, scale=0.01, run #2] abm: nan,nan
[V1, scale=0.01, run #3] abm: nan,nan
[V1, scale=0.01, run #4] abm: nan,nan
[V3, scale=0.01, run #1] abm: nan,nan
[V1, scale=0.01, run #5] abm: nan,nan
[V1, scale=0.01, run #6] abm: nan,nan
[V3, scale=0.01, run #2] abm: nan,nan
[V1, scale=0.01, run #7] abm: nan,nan
[V1, scale=0.01, run #8] abm: nan,nan
[V1, scale=0.01, run #9] abm: nan,nan
[V3, scale=0.01, run #3] abm: nan,nan
[V1, scale=0.01, run #10] abm: nan,nan
[V1, scale=0.01, run #11] abm: nan,nan
[V3, scale=0.01, run #4] abm: nan,nan
[V1, scale=0.01, run #12] abm: nan,nan
[V1, scale=0.01, run #13] abm: nan,nan
[V1, scale=0.01, run #14] abm: nan,nan
[V3, scale=0.01, run #5] abm: nan,nan
[V1, scale=0.01, run #15] abm: nan,nan
[V1, scale=0.01, run #16] abm: nan,nan
[V1, scale=0.01, run #17] abm: nan,nan
[V3, scale=0.01, run #6] abm: nan,nan
[V1, scale=0.01, run #18] abm: nan,nan
[V1, scale=0.01, run #19] abm: nan,nan
[V3, scale=0.01, run #7] abm: nan,nan
[V3, scale=0.01, run #8] abm: nan,nan
[V3, scale=0.01, run #9] abm: nan,nan
[V3, scale=0.01, run #10] abm: nan,nan
[V3, scale=0.01, run #11] abm: nan,nan
[V1, scale=0.01, run #0] abm-gwn: nan,nan
[V3, scale=0.01, run #12] abm: nan,nan
[V3, scale=0.01, run #13] abm: nan,nan
[V3, scale=0.01, run #14] abm: nan,nan
[V3, scale=0.01, run #15] abm: nan,nan
[V1, scale=0.01, run #1] abm-gwn: nan,nan
[V3, scale=0.01, run #16] abm: nan,nan
[V3, scale=0.01, run #17] abm: nan,nan
[V3, scale=0.01, run #18] abm: nan,nan
[V3, scale=0.01, run #19] abm: nan,nan
[V3, scale=0.01, run #0] abm-gwn: 0.0011,0.0011
[V1, scale=0.01, run #2] abm-gwn: nan,nan
[V3, scale=0.01, run #1] abm-gwn: 0.0009,0.0009
[V3, scale=0.01, run #2] abm-gwn: 0.0011,0.0012
[V3, scale=0.01, run #3] abm-gwn: 0.0009,0.0009
[V3, scale=0.01, run #4] abm-gwn: 0.0009,0.0009
[V3, scale=0.01, run #5] abm-gwn: 0.0009,0.0009
[V3, scale=0.01, run #6] abm-gwn: 0.0011,0.0013
[V1, scale=0.01, run #3] abm-gwn: nan,nan
[V3, scale=0.01, run #7] abm-gwn: 0.0010,0.0010
[V3, scale=0.01, run #8] abm-gwn: 0.0009,0.0009
[V3, scale=0.01, run #9] abm-gwn: 0.0009,0.0009
[V3, scale=0.01, run #10] abm-gwn: 0.0009,0.0010
[V3, scale=0.01, run #11] abm-gwn: 0.0007,0.0007
[V3, scale=0.01, run #12] abm-gwn: 0.0009,0.0009
[V3, scale=0.01, run #13] abm-gwn: 0.0008,0.0008
[V1, scale=0.01, run #4] abm-gwn: nan,nan
[V3, scale=0.01, run #14] abm-gwn: 0.0011,0.0011
[V3, scale=0.01, run #15] abm-gwn: 0.0009,0.0011
[V3, scale=0.01, run #16] abm-gwn: 0.0011,0.0011
[V3, scale=0.01, run #17] abm-gwn: 0.0010,0.0011
[V3, scale=0.01, run #18] abm-gwn: 0.0010,0.0010
[V3, scale=0.01, run #19] abm-gwn: 0.0010,0.0010
